background process: [WARNING] Deprecated '--logger=capnslog' flag is set; use '--logger=zap' flag instead
background process: 2022-03-08 09:12:16.393414 I | etcdmain: etcd Version: 3.4.16
background process: 2022-03-08 09:12:16.393444 I | etcdmain: Git SHA: d19fbe541
background process: 2022-03-08 09:12:16.393447 I | etcdmain: Go Version: go1.12.17
background process: 2022-03-08 09:12:16.393449 I | etcdmain: Go OS/Arch: linux/amd64
background process: 2022-03-08 09:12:16.393451 I | etcdmain: setting maximum number of CPUs to 96, total number of available CPUs is 96
background process: 2022-03-08 09:12:16.393458 W | etcdmain: no data-dir provided, using default data-dir ./default.etcd
background process: [WARNING] Deprecated '--logger=capnslog' flag is set; use '--logger=zap' flag instead
background process: 2022-03-08 09:12:16.393554 C | etcdmain: listen tcp 127.0.0.1:2380: bind: address already in use
background process: [WARNING] Deprecated '--logger=capnslog' flag is set; use '--logger=zap' flag instead
background process: 2022-03-08 09:13:03.208304 I | etcdmain: etcd Version: 3.4.16
background process: 2022-03-08 09:13:03.208334 I | etcdmain: Git SHA: d19fbe541
background process: 2022-03-08 09:13:03.208337 I | etcdmain: Go Version: go1.12.17
background process: 2022-03-08 09:13:03.208340 I | etcdmain: Go OS/Arch: linux/amd64
background process: 2022-03-08 09:13:03.208342 I | etcdmain: setting maximum number of CPUs to 96, total number of available CPUs is 96
background process: 2022-03-08 09:13:03.208348 W | etcdmain: no data-dir provided, using default data-dir ./default.etcd
background process: [WARNING] Deprecated '--logger=capnslog' flag is set; use '--logger=zap' flag instead
background process: 2022-03-08 09:13:03.208467 I | embed: name = default
background process: 2022-03-08 09:13:03.208470 I | embed: data dir = default.etcd
background process: 2022-03-08 09:13:03.208472 I | embed: member dir = default.etcd/member
background process: 2022-03-08 09:13:03.208475 I | embed: heartbeat = 100ms
background process: 2022-03-08 09:13:03.208478 I | embed: election = 1000ms
background process: 2022-03-08 09:13:03.208480 I | embed: snapshot count = 100000
background process: 2022-03-08 09:13:03.208486 I | embed: advertise client URLs = http://127.0.0.1:2379
background process: 2022-03-08 09:13:03.211888 I | etcdserver: starting member 8e9e05c52164694d in cluster cdf818194e3a8c32
background process: raft2022/03/08 09:13:03 INFO: 8e9e05c52164694d switched to configuration voters=()
background process: raft2022/03/08 09:13:03 INFO: 8e9e05c52164694d became follower at term 0
background process: raft2022/03/08 09:13:03 INFO: newRaft 8e9e05c52164694d [peers: [], term: 0, commit: 0, applied: 0, lastindex: 0, lastterm: 0]
background process: raft2022/03/08 09:13:03 INFO: 8e9e05c52164694d became follower at term 1
background process: raft2022/03/08 09:13:03 INFO: 8e9e05c52164694d switched to configuration voters=(10276657743932975437)
background process: 2022-03-08 09:13:03.212178 W | auth: simple token is not cryptographically signed
background process: 2022-03-08 09:13:03.213437 I | etcdserver: starting server... [version: 3.4.16, cluster version: to_be_decided]
background process: 2022-03-08 09:13:03.213524 I | etcdserver: 8e9e05c52164694d as single-node; fast-forwarding 9 ticks (election ticks 10)
background process: raft2022/03/08 09:13:03 INFO: 8e9e05c52164694d switched to configuration voters=(10276657743932975437)
background process: 2022-03-08 09:13:03.213809 I | etcdserver/membership: added member 8e9e05c52164694d [http://localhost:2380] to cluster cdf818194e3a8c32
background process: 2022-03-08 09:13:03.214918 I | embed: listening for peers on 127.0.0.1:2380
background process: raft2022/03/08 09:13:04 INFO: 8e9e05c52164694d is starting a new election at term 1
background process: raft2022/03/08 09:13:04 INFO: 8e9e05c52164694d became candidate at term 2
background process: raft2022/03/08 09:13:04 INFO: 8e9e05c52164694d received MsgVoteResp from 8e9e05c52164694d at term 2
background process: raft2022/03/08 09:13:04 INFO: 8e9e05c52164694d became leader at term 2
background process: raft2022/03/08 09:13:04 INFO: raft.node: 8e9e05c52164694d elected leader 8e9e05c52164694d at term 2
background process: 2022-03-08 09:13:04.112572 I | etcdserver: published {Name:default ClientURLs:[http://127.0.0.1:2379]} to cluster cdf818194e3a8c32
background process: 2022-03-08 09:13:04.112588 I | embed: ready to serve client requests
background process: 2022-03-08 09:13:04.112643 I | etcdserver: setting up the initial cluster version to 3.4
background process: 2022-03-08 09:13:04.112740 N | etcdserver/membership: set the initial cluster version to 3.4
background process: 2022-03-08 09:13:04.112786 I | etcdserver/api: enabled capabilities for version 3.4
background process: 2022-03-08 09:13:04.113185 N | embed: serving insecure client requests on 127.0.0.1:2379, this is strongly discouraged!
time="2022-03-08T09:13:29Z" level=info msg="start node tracker, listening on [::]:50051"
time="2022-03-08T09:14:06Z" level=info msg="StorageServer (61014df75922) config: &{Hostname:* RpcPort:0 PlasmaSocket:/tmp/plasma PlasmaMemoryByte:50000000000}: "
time="2022-03-08T09:14:07Z" level=info msg="running PlasmaStoreServer, path: /tmp/plasma-5351dc7661eede67d643 ,memory: 50000000000"
time="2022-03-08T09:14:07Z" level=info msg="start storage server, listening on port [::]:34190"
time="2022-03-08T09:14:07Z" level=info msg="storage server, listening object transfer request on port [::]:33622"
